<?xml version="1.0" encoding="UTF-8"?>
<!-- Generated by org.testng.reporters.JUnitReportReporter -->
<testsuite skipped="1" hostname="Manikandan" name="DAIMLER.Validation.TestNG.LoginTestNG" tests="3" failures="0" timestamp="2019-06-10T17:11:10 IST" time="26.859" errors="0">
  <testcase name="testCase_02" time="20.805" classname="DAIMLER.Validation.TestNG.LoginTestNG"/>
  <testcase name="testCase_00" time="6.054" classname="DAIMLER.Validation.TestNG.LoginTestNG"/>
  <testcase name="testCase_01" classname="DAIMLER.Validation.TestNG.LoginTestNG">
    <skipped/>
  </testcase> <!-- testCase_01 -->
</testsuite> <!-- DAIMLER.Validation.TestNG.LoginTestNG -->
