<?xml version="1.0" encoding="UTF-8"?>
<!-- Generated by org.testng.reporters.JUnitReportReporter -->
<testsuite hostname="DESKTOP-18PU4RN" failures="0" tests="5" name="DAIMLER.Validation.TestNG.FlowTestng" time="93.685" errors="0" timestamp="2020-08-18T14:46:54 IST" skipped="4">
  <testcase classname="DAIMLER.Validation.TestNG.FlowTestng" name="test" time="93.685"/>
  <testcase classname="DAIMLER.Validation.TestNG.FlowTestng" name="testCase_02">
    <skipped/>
  </testcase> <!-- testCase_02 -->
  <testcase classname="DAIMLER.Validation.TestNG.FlowTestng" name="testCase_00">
    <skipped/>
  </testcase> <!-- testCase_00 -->
  <testcase classname="DAIMLER.Validation.TestNG.FlowTestng" name="testCase_01">
    <skipped/>
  </testcase> <!-- testCase_01 -->
  <testcase classname="DAIMLER.Validation.TestNG.FlowTestng" name="testCase_03">
    <skipped/>
  </testcase> <!-- testCase_03 -->
</testsuite> <!-- DAIMLER.Validation.TestNG.FlowTestng -->
